{"C:\\Users\\mcken\\Documents\\Wits_2022\\Software Dev 3\\Group Project\\2022-group-lab-009\\index.js": {"path":"C:\\Users\\mcken\\Documents\\Wits_2022\\Software Dev 3\\Group Project\\2022-group-lab-009\\index.js","statementMap":{"0":{"start":{"line":1,"column":16},"end":{"line":1,"column":34}},"1":{"start":{"line":2,"column":13},"end":{"line":2,"column":28}},"2":{"start":{"line":3,"column":19},"end":{"line":3,"column":51}},"3":{"start":{"line":4,"column":19},"end":{"line":4,"column":51}},"4":{"start":{"line":5,"column":20},"end":{"line":5,"column":54}},"5":{"start":{"line":6,"column":19},"end":{"line":6,"column":52}},"6":{"start":{"line":7,"column":20},"end":{"line":7,"column":51}},"7":{"start":{"line":8,"column":19},"end":{"line":8,"column":48}},"8":{"start":{"line":10,"column":19},"end":{"line":10,"column":41}},"9":{"start":{"line":11,"column":12},"end":{"line":11,"column":21}},"10":{"start":{"line":12,"column":13},"end":{"line":12,"column":37}},"11":{"start":{"line":13,"column":0},"end":{"line":13,"column":44}},"12":{"start":{"line":14,"column":0},"end":{"line":14,"column":50}},"13":{"start":{"line":15,"column":0},"end":{"line":15,"column":57}},"14":{"start":{"line":16,"column":0},"end":{"line":16,"column":53}},"15":{"start":{"line":17,"column":0},"end":{"line":17,"column":24}},"16":{"start":{"line":18,"column":0},"end":{"line":18,"column":30}},"17":{"start":{"line":19,"column":0},"end":{"line":19,"column":28}},"18":{"start":{"line":20,"column":0},"end":{"line":20,"column":28}},"19":{"start":{"line":21,"column":0},"end":{"line":21,"column":30}},"20":{"start":{"line":22,"column":0},"end":{"line":22,"column":28}},"21":{"start":{"line":23,"column":0},"end":{"line":23,"column":30}},"22":{"start":{"line":24,"column":0},"end":{"line":24,"column":45}},"23":{"start":{"line":26,"column":15},"end":{"line":28,"column":2}},"24":{"start":{"line":27,"column":2},"end":{"line":27,"column":54}},"25":{"start":{"line":30,"column":0},"end":{"line":30,"column":23}}},"fnMap":{"0":{"name":"(anonymous_0)","decl":{"start":{"line":26,"column":32},"end":{"line":26,"column":33}},"loc":{"start":{"line":26,"column":38},"end":{"line":28,"column":1}},"line":26}},"branchMap":{"0":{"loc":{"start":{"line":12,"column":13},"end":{"line":12,"column":37}},"type":"binary-expr","locations":[{"start":{"line":12,"column":13},"end":{"line":12,"column":29}},{"start":{"line":12,"column":33},"end":{"line":12,"column":37}}],"line":12}},"s":{"0":1,"1":1,"2":1,"3":1,"4":1,"5":1,"6":1,"7":1,"8":1,"9":1,"10":1,"11":1,"12":1,"13":1,"14":1,"15":1,"16":1,"17":1,"18":1,"19":1,"20":1,"21":1,"22":1,"23":1,"24":1,"25":1},"f":{"0":1},"b":{"0":[1,1]},"_coverageSchema":"1a1c01bbd47fc00a2c39e90264f33305004495a9","hash":"82dbe29b980b9f2808ab7ce3cdafc3568aff15da"}
,"C:\\Users\\mcken\\Documents\\Wits_2022\\Software Dev 3\\Group Project\\2022-group-lab-009\\Routes\\GameRoute.js": {"path":"C:\\Users\\mcken\\Documents\\Wits_2022\\Software Dev 3\\Group Project\\2022-group-lab-009\\Routes\\GameRoute.js","statementMap":{"0":{"start":{"line":1,"column":13},"end":{"line":1,"column":28}},"1":{"start":{"line":2,"column":16},"end":{"line":2,"column":34}},"2":{"start":{"line":3,"column":19},"end":{"line":3,"column":35}},"3":{"start":{"line":4,"column":11},"end":{"line":4,"column":46}},"4":{"start":{"line":5,"column":19},"end":{"line":5,"column":51}},"5":{"start":{"line":6,"column":18},"end":{"line":6,"column":35}},"6":{"start":{"line":7,"column":23},"end":{"line":7,"column":27}},"7":{"start":{"line":8,"column":15},"end":{"line":8,"column":17}},"8":{"start":{"line":9,"column":15},"end":{"line":9,"column":20}},"9":{"start":{"line":10,"column":12},"end":{"line":10,"column":14}},"10":{"start":{"line":11,"column":15},"end":{"line":11,"column":17}},"11":{"start":{"line":12,"column":14},"end":{"line":12,"column":15}},"12":{"start":{"line":13,"column":18},"end":{"line":13,"column":28}},"13":{"start":{"line":14,"column":14},"end":{"line":14,"column":16}},"14":{"start":{"line":16,"column":0},"end":{"line":50,"column":2}},"15":{"start":{"line":17,"column":2},"end":{"line":48,"column":3}},"16":{"start":{"line":18,"column":4},"end":{"line":18,"column":16}},"17":{"start":{"line":19,"column":4},"end":{"line":19,"column":28}},"18":{"start":{"line":20,"column":4},"end":{"line":27,"column":6}},"19":{"start":{"line":21,"column":6},"end":{"line":21,"column":45}},"20":{"start":{"line":22,"column":6},"end":{"line":22,"column":26}},"21":{"start":{"line":23,"column":24},"end":{"line":23,"column":34}},"22":{"start":{"line":24,"column":6},"end":{"line":26,"column":8}},"23":{"start":{"line":25,"column":8},"end":{"line":25,"column":33}},"24":{"start":{"line":28,"column":9},"end":{"line":48,"column":3}},"25":{"start":{"line":29,"column":4},"end":{"line":29,"column":16}},"26":{"start":{"line":30,"column":4},"end":{"line":47,"column":6}},"27":{"start":{"line":31,"column":6},"end":{"line":46,"column":7}},"28":{"start":{"line":32,"column":8},"end":{"line":32,"column":32}},"29":{"start":{"line":33,"column":8},"end":{"line":40,"column":10}},"30":{"start":{"line":34,"column":10},"end":{"line":34,"column":55}},"31":{"start":{"line":35,"column":10},"end":{"line":35,"column":36}},"32":{"start":{"line":36,"column":28},"end":{"line":36,"column":38}},"33":{"start":{"line":37,"column":10},"end":{"line":39,"column":12}},"34":{"start":{"line":38,"column":12},"end":{"line":38,"column":37}},"35":{"start":{"line":42,"column":26},"end":{"line":42,"column":36}},"36":{"start":{"line":43,"column":8},"end":{"line":45,"column":10}},"37":{"start":{"line":44,"column":10},"end":{"line":44,"column":35}},"38":{"start":{"line":49,"column":2},"end":{"line":49,"column":58}},"39":{"start":{"line":52,"column":0},"end":{"line":64,"column":2}},"40":{"start":{"line":53,"column":2},"end":{"line":53,"column":35}},"41":{"start":{"line":54,"column":2},"end":{"line":54,"column":32}},"42":{"start":{"line":55,"column":2},"end":{"line":61,"column":4}},"43":{"start":{"line":59,"column":17},"end":{"line":59,"column":54}},"44":{"start":{"line":60,"column":4},"end":{"line":60,"column":23}},"45":{"start":{"line":62,"column":2},"end":{"line":62,"column":18}},"46":{"start":{"line":63,"column":2},"end":{"line":63,"column":37}},"47":{"start":{"line":66,"column":0},"end":{"line":70,"column":2}},"48":{"start":{"line":67,"column":2},"end":{"line":69,"column":4}},"49":{"start":{"line":68,"column":4},"end":{"line":68,"column":18}},"50":{"start":{"line":72,"column":0},"end":{"line":75,"column":2}},"51":{"start":{"line":73,"column":2},"end":{"line":73,"column":34}},"52":{"start":{"line":74,"column":2},"end":{"line":74,"column":18}},"53":{"start":{"line":77,"column":0},"end":{"line":80,"column":2}},"54":{"start":{"line":78,"column":2},"end":{"line":78,"column":30}},"55":{"start":{"line":79,"column":2},"end":{"line":79,"column":18}},"56":{"start":{"line":82,"column":0},"end":{"line":88,"column":2}},"57":{"start":{"line":83,"column":2},"end":{"line":87,"column":4}},"58":{"start":{"line":84,"column":4},"end":{"line":84,"column":49}},"59":{"start":{"line":85,"column":17},"end":{"line":85,"column":55}},"60":{"start":{"line":86,"column":4},"end":{"line":86,"column":18}},"61":{"start":{"line":90,"column":0},"end":{"line":92,"column":2}},"62":{"start":{"line":91,"column":2},"end":{"line":91,"column":20}},"63":{"start":{"line":94,"column":0},"end":{"line":98,"column":2}},"64":{"start":{"line":95,"column":2},"end":{"line":95,"column":15}},"65":{"start":{"line":96,"column":2},"end":{"line":96,"column":13}},"66":{"start":{"line":97,"column":2},"end":{"line":97,"column":15}},"67":{"start":{"line":100,"column":0},"end":{"line":102,"column":2}},"68":{"start":{"line":101,"column":2},"end":{"line":101,"column":20}},"69":{"start":{"line":104,"column":0},"end":{"line":118,"column":2}},"70":{"start":{"line":105,"column":2},"end":{"line":105,"column":45}},"71":{"start":{"line":106,"column":2},"end":{"line":106,"column":46}},"72":{"start":{"line":107,"column":2},"end":{"line":107,"column":43}},"73":{"start":{"line":108,"column":2},"end":{"line":108,"column":30}},"74":{"start":{"line":109,"column":2},"end":{"line":117,"column":3}},"75":{"start":{"line":110,"column":4},"end":{"line":110,"column":24}},"76":{"start":{"line":111,"column":4},"end":{"line":111,"column":28}},"77":{"start":{"line":112,"column":4},"end":{"line":112,"column":49}},"78":{"start":{"line":113,"column":9},"end":{"line":117,"column":3}},"79":{"start":{"line":114,"column":4},"end":{"line":114,"column":14}},"80":{"start":{"line":116,"column":4},"end":{"line":116,"column":17}},"81":{"start":{"line":120,"column":0},"end":{"line":127,"column":2}},"82":{"start":{"line":121,"column":2},"end":{"line":121,"column":44}},"83":{"start":{"line":122,"column":2},"end":{"line":122,"column":18}},"84":{"start":{"line":123,"column":2},"end":{"line":123,"column":12}},"85":{"start":{"line":124,"column":2},"end":{"line":124,"column":15}},"86":{"start":{"line":125,"column":2},"end":{"line":125,"column":13}},"87":{"start":{"line":126,"column":2},"end":{"line":126,"column":18}},"88":{"start":{"line":129,"column":0},"end":{"line":135,"column":2}},"89":{"start":{"line":130,"column":15},"end":{"line":133,"column":3}},"90":{"start":{"line":134,"column":2},"end":{"line":134,"column":16}},"91":{"start":{"line":137,"column":0},"end":{"line":140,"column":2}},"92":{"start":{"line":138,"column":2},"end":{"line":138,"column":95}},"93":{"start":{"line":139,"column":2},"end":{"line":139,"column":22}},"94":{"start":{"line":142,"column":0},"end":{"line":142,"column":27}}},"fnMap":{"0":{"name":"(anonymous_0)","decl":{"start":{"line":16,"column":20},"end":{"line":16,"column":21}},"loc":{"start":{"line":16,"column":34},"end":{"line":50,"column":1}},"line":16},"1":{"name":"(anonymous_1)","decl":{"start":{"line":20,"column":28},"end":{"line":20,"column":29}},"loc":{"start":{"line":20,"column":38},"end":{"line":27,"column":5}},"line":20},"2":{"name":"(anonymous_2)","decl":{"start":{"line":24,"column":91},"end":{"line":24,"column":92}},"loc":{"start":{"line":24,"column":112},"end":{"line":26,"column":7}},"line":24},"3":{"name":"(anonymous_3)","decl":{"start":{"line":30,"column":34},"end":{"line":30,"column":35}},"loc":{"start":{"line":30,"column":44},"end":{"line":47,"column":5}},"line":30},"4":{"name":"(anonymous_4)","decl":{"start":{"line":33,"column":32},"end":{"line":33,"column":33}},"loc":{"start":{"line":33,"column":48},"end":{"line":40,"column":9}},"line":33},"5":{"name":"(anonymous_5)","decl":{"start":{"line":37,"column":101},"end":{"line":37,"column":102}},"loc":{"start":{"line":37,"column":122},"end":{"line":39,"column":11}},"line":37},"6":{"name":"(anonymous_6)","decl":{"start":{"line":43,"column":86},"end":{"line":43,"column":87}},"loc":{"start":{"line":43,"column":107},"end":{"line":45,"column":9}},"line":43},"7":{"name":"(anonymous_7)","decl":{"start":{"line":52,"column":25},"end":{"line":52,"column":26}},"loc":{"start":{"line":52,"column":45},"end":{"line":64,"column":1}},"line":52},"8":{"name":"(anonymous_8)","decl":{"start":{"line":55,"column":24},"end":{"line":55,"column":25}},"loc":{"start":{"line":55,"column":35},"end":{"line":61,"column":3}},"line":55},"9":{"name":"(anonymous_9)","decl":{"start":{"line":66,"column":30},"end":{"line":66,"column":31}},"loc":{"start":{"line":66,"column":50},"end":{"line":70,"column":1}},"line":66},"10":{"name":"(anonymous_10)","decl":{"start":{"line":67,"column":37},"end":{"line":67,"column":38}},"loc":{"start":{"line":67,"column":47},"end":{"line":69,"column":3}},"line":67},"11":{"name":"(anonymous_11)","decl":{"start":{"line":72,"column":34},"end":{"line":72,"column":35}},"loc":{"start":{"line":72,"column":54},"end":{"line":75,"column":1}},"line":72},"12":{"name":"(anonymous_12)","decl":{"start":{"line":77,"column":30},"end":{"line":77,"column":31}},"loc":{"start":{"line":77,"column":50},"end":{"line":80,"column":1}},"line":77},"13":{"name":"(anonymous_13)","decl":{"start":{"line":82,"column":36},"end":{"line":82,"column":37}},"loc":{"start":{"line":82,"column":56},"end":{"line":88,"column":1}},"line":82},"14":{"name":"(anonymous_14)","decl":{"start":{"line":83,"column":38},"end":{"line":83,"column":39}},"loc":{"start":{"line":83,"column":46},"end":{"line":87,"column":3}},"line":83},"15":{"name":"(anonymous_15)","decl":{"start":{"line":90,"column":27},"end":{"line":90,"column":28}},"loc":{"start":{"line":90,"column":47},"end":{"line":92,"column":1}},"line":90},"16":{"name":"(anonymous_16)","decl":{"start":{"line":94,"column":29},"end":{"line":94,"column":30}},"loc":{"start":{"line":94,"column":49},"end":{"line":98,"column":1}},"line":94},"17":{"name":"(anonymous_17)","decl":{"start":{"line":100,"column":27},"end":{"line":100,"column":28}},"loc":{"start":{"line":100,"column":47},"end":{"line":102,"column":1}},"line":100},"18":{"name":"(anonymous_18)","decl":{"start":{"line":104,"column":35},"end":{"line":104,"column":36}},"loc":{"start":{"line":104,"column":55},"end":{"line":118,"column":1}},"line":104},"19":{"name":"(anonymous_19)","decl":{"start":{"line":120,"column":34},"end":{"line":120,"column":35}},"loc":{"start":{"line":120,"column":54},"end":{"line":127,"column":1}},"line":120},"20":{"name":"(anonymous_20)","decl":{"start":{"line":129,"column":31},"end":{"line":129,"column":32}},"loc":{"start":{"line":129,"column":51},"end":{"line":135,"column":1}},"line":129},"21":{"name":"(anonymous_21)","decl":{"start":{"line":137,"column":29},"end":{"line":137,"column":30}},"loc":{"start":{"line":137,"column":49},"end":{"line":140,"column":1}},"line":137}},"branchMap":{"0":{"loc":{"start":{"line":17,"column":2},"end":{"line":48,"column":3}},"type":"if","locations":[{"start":{"line":17,"column":2},"end":{"line":48,"column":3}},{"start":{"line":28,"column":9},"end":{"line":48,"column":3}}],"line":17},"1":{"loc":{"start":{"line":17,"column":6},"end":{"line":17,"column":39}},"type":"binary-expr","locations":[{"start":{"line":17,"column":6},"end":{"line":17,"column":23}},{"start":{"line":17,"column":27},"end":{"line":17,"column":39}}],"line":17},"2":{"loc":{"start":{"line":28,"column":9},"end":{"line":48,"column":3}},"type":"if","locations":[{"start":{"line":28,"column":9},"end":{"line":48,"column":3}},{"start":{},"end":{}}],"line":28},"3":{"loc":{"start":{"line":28,"column":13},"end":{"line":28,"column":45}},"type":"binary-expr","locations":[{"start":{"line":28,"column":13},"end":{"line":28,"column":29}},{"start":{"line":28,"column":33},"end":{"line":28,"column":45}}],"line":28},"4":{"loc":{"start":{"line":31,"column":6},"end":{"line":46,"column":7}},"type":"if","locations":[{"start":{"line":31,"column":6},"end":{"line":46,"column":7}},{"start":{"line":41,"column":13},"end":{"line":46,"column":7}}],"line":31},"5":{"loc":{"start":{"line":109,"column":2},"end":{"line":117,"column":3}},"type":"if","locations":[{"start":{"line":109,"column":2},"end":{"line":117,"column":3}},{"start":{"line":113,"column":9},"end":{"line":117,"column":3}}],"line":109},"6":{"loc":{"start":{"line":113,"column":9},"end":{"line":117,"column":3}},"type":"if","locations":[{"start":{"line":113,"column":9},"end":{"line":117,"column":3}},{"start":{},"end":{}}],"line":113}},"s":{"0":1,"1":1,"2":1,"3":1,"4":1,"5":1,"6":1,"7":1,"8":1,"9":1,"10":1,"11":1,"12":1,"13":1,"14":1,"15":1,"16":1,"17":1,"18":1,"19":1,"20":1,"21":1,"22":1,"23":1,"24":0,"25":0,"26":0,"27":0,"28":0,"29":0,"30":0,"31":0,"32":0,"33":0,"34":0,"35":0,"36":0,"37":0,"38":1,"39":1,"40":1,"41":1,"42":1,"43":0,"44":0,"45":0,"46":0,"47":1,"48":2,"49":2,"50":1,"51":1,"52":1,"53":1,"54":1,"55":1,"56":1,"57":0,"58":0,"59":0,"60":0,"61":1,"62":1,"63":1,"64":0,"65":0,"66":0,"67":1,"68":1,"69":1,"70":0,"71":0,"72":0,"73":0,"74":0,"75":0,"76":0,"77":0,"78":0,"79":0,"80":0,"81":1,"82":1,"83":1,"84":1,"85":1,"86":1,"87":1,"88":1,"89":1,"90":1,"91":1,"92":0,"93":0,"94":1},"f":{"0":1,"1":1,"2":1,"3":0,"4":0,"5":0,"6":0,"7":1,"8":0,"9":2,"10":2,"11":1,"12":1,"13":0,"14":0,"15":1,"16":0,"17":1,"18":0,"19":1,"20":1,"21":0},"b":{"0":[1,0],"1":[1,1],"2":[0,0],"3":[0,0],"4":[0,0],"5":[0,0],"6":[0,0]},"_coverageSchema":"1a1c01bbd47fc00a2c39e90264f33305004495a9","hash":"99d70a507d7ef323e8d7df14ecefa5f0e9c9f1df"}
,"C:\\Users\\mcken\\Documents\\Wits_2022\\Software Dev 3\\Group Project\\2022-group-lab-009\\Routes\\QueueRoutes.js": {"path":"C:\\Users\\mcken\\Documents\\Wits_2022\\Software Dev 3\\Group Project\\2022-group-lab-009\\Routes\\QueueRoutes.js","statementMap":{"0":{"start":{"line":2,"column":13},"end":{"line":2,"column":28}},"1":{"start":{"line":3,"column":16},"end":{"line":3,"column":34}},"2":{"start":{"line":4,"column":19},"end":{"line":4,"column":53}},"3":{"start":{"line":5,"column":17},"end":{"line":5,"column":32}},"4":{"start":{"line":6,"column":19},"end":{"line":6,"column":35}},"5":{"start":{"line":9,"column":0},"end":{"line":12,"column":2}},"6":{"start":{"line":11,"column":4},"end":{"line":11,"column":62}},"7":{"start":{"line":15,"column":0},"end":{"line":15,"column":27}}},"fnMap":{"0":{"name":"(anonymous_0)","decl":{"start":{"line":9,"column":20},"end":{"line":9,"column":21}},"loc":{"start":{"line":9,"column":40},"end":{"line":12,"column":1}},"line":9}},"branchMap":{},"s":{"0":1,"1":1,"2":1,"3":1,"4":1,"5":1,"6":1,"7":1},"f":{"0":1},"b":{},"_coverageSchema":"1a1c01bbd47fc00a2c39e90264f33305004495a9","hash":"cac8bf89a183a666f6676e055c2d0de098ec6520"}
,"C:\\Users\\mcken\\Documents\\Wits_2022\\Software Dev 3\\Group Project\\2022-group-lab-009\\Routes\\authRoutes.js": {"path":"C:\\Users\\mcken\\Documents\\Wits_2022\\Software Dev 3\\Group Project\\2022-group-lab-009\\Routes\\authRoutes.js","statementMap":{"0":{"start":{"line":2,"column":15},"end":{"line":2,"column":44}},"1":{"start":{"line":3,"column":13},"end":{"line":3,"column":28}},"2":{"start":{"line":4,"column":16},"end":{"line":4,"column":34}},"3":{"start":{"line":5,"column":11},"end":{"line":5,"column":46}},"4":{"start":{"line":6,"column":19},"end":{"line":6,"column":35}},"5":{"start":{"line":7,"column":15},"end":{"line":7,"column":17}},"6":{"start":{"line":8,"column":17},"end":{"line":8,"column":21}},"7":{"start":{"line":9,"column":20},"end":{"line":9,"column":21}},"8":{"start":{"line":10,"column":24},"end":{"line":10,"column":29}},"9":{"start":{"line":11,"column":20},"end":{"line":11,"column":22}},"10":{"start":{"line":14,"column":0},"end":{"line":33,"column":2}},"11":{"start":{"line":15,"column":15},"end":{"line":16,"column":33}},"12":{"start":{"line":18,"column":14},"end":{"line":22,"column":5}},"13":{"start":{"line":19,"column":7},"end":{"line":21,"column":8}},"14":{"start":{"line":20,"column":11},"end":{"line":20,"column":26}},"15":{"start":{"line":24,"column":3},"end":{"line":32,"column":4}},"16":{"start":{"line":26,"column":17},"end":{"line":26,"column":20}},"17":{"start":{"line":27,"column":7},"end":{"line":27,"column":21}},"18":{"start":{"line":28,"column":9},"end":{"line":32,"column":4}},"19":{"start":{"line":29,"column":7},"end":{"line":29,"column":51}},"20":{"start":{"line":30,"column":18},"end":{"line":30,"column":27}},"21":{"start":{"line":31,"column":7},"end":{"line":31,"column":21}},"22":{"start":{"line":35,"column":0},"end":{"line":48,"column":2}},"23":{"start":{"line":36,"column":4},"end":{"line":36,"column":71}},"24":{"start":{"line":37,"column":4},"end":{"line":37,"column":38}},"25":{"start":{"line":39,"column":16},"end":{"line":43,"column":5}},"26":{"start":{"line":44,"column":4},"end":{"line":44,"column":23}},"27":{"start":{"line":45,"column":4},"end":{"line":45,"column":34}},"28":{"start":{"line":46,"column":4},"end":{"line":46,"column":25}},"29":{"start":{"line":47,"column":4},"end":{"line":47,"column":26}},"30":{"start":{"line":50,"column":0},"end":{"line":67,"column":2}},"31":{"start":{"line":51,"column":4},"end":{"line":51,"column":81}},"32":{"start":{"line":52,"column":14},"end":{"line":52,"column":60}},"33":{"start":{"line":53,"column":19},"end":{"line":53,"column":21}},"34":{"start":{"line":54,"column":4},"end":{"line":54,"column":48}},"35":{"start":{"line":55,"column":4},"end":{"line":61,"column":6}},"36":{"start":{"line":56,"column":8},"end":{"line":56,"column":35}},"37":{"start":{"line":57,"column":8},"end":{"line":60,"column":9}},"38":{"start":{"line":58,"column":12},"end":{"line":58,"column":42}},"39":{"start":{"line":59,"column":12},"end":{"line":59,"column":31}},"40":{"start":{"line":62,"column":4},"end":{"line":65,"column":5}},"41":{"start":{"line":63,"column":8},"end":{"line":63,"column":39}},"42":{"start":{"line":64,"column":8},"end":{"line":64,"column":33}},"43":{"start":{"line":66,"column":4},"end":{"line":66,"column":22}},"44":{"start":{"line":69,"column":0},"end":{"line":71,"column":2}},"45":{"start":{"line":70,"column":4},"end":{"line":70,"column":24}},"46":{"start":{"line":73,"column":0},"end":{"line":82,"column":2}},"47":{"start":{"line":74,"column":4},"end":{"line":81,"column":5}},"48":{"start":{"line":75,"column":8},"end":{"line":75,"column":26}},"49":{"start":{"line":76,"column":19},"end":{"line":76,"column":22}},"50":{"start":{"line":77,"column":8},"end":{"line":77,"column":22}},"51":{"start":{"line":79,"column":19},"end":{"line":79,"column":25}},"52":{"start":{"line":80,"column":8},"end":{"line":80,"column":22}},"53":{"start":{"line":84,"column":0},"end":{"line":86,"column":2}},"54":{"start":{"line":85,"column":4},"end":{"line":85,"column":22}},"55":{"start":{"line":88,"column":0},"end":{"line":90,"column":2}},"56":{"start":{"line":89,"column":4},"end":{"line":89,"column":27}},"57":{"start":{"line":92,"column":0},"end":{"line":108,"column":2}},"58":{"start":{"line":93,"column":4},"end":{"line":93,"column":73}},"59":{"start":{"line":94,"column":4},"end":{"line":94,"column":46}},"60":{"start":{"line":95,"column":18},"end":{"line":95,"column":20}},"61":{"start":{"line":96,"column":4},"end":{"line":101,"column":6}},"62":{"start":{"line":97,"column":8},"end":{"line":100,"column":9}},"63":{"start":{"line":98,"column":26},"end":{"line":98,"column":70}},"64":{"start":{"line":99,"column":12},"end":{"line":99,"column":34}},"65":{"start":{"line":102,"column":4},"end":{"line":102,"column":35}},"66":{"start":{"line":103,"column":4},"end":{"line":103,"column":24}},"67":{"start":{"line":104,"column":4},"end":{"line":104,"column":22}},"68":{"start":{"line":105,"column":4},"end":{"line":105,"column":20}},"69":{"start":{"line":106,"column":4},"end":{"line":106,"column":29}},"70":{"start":{"line":107,"column":4},"end":{"line":107,"column":21}},"71":{"start":{"line":110,"column":0},"end":{"line":149,"column":2}},"72":{"start":{"line":111,"column":4},"end":{"line":148,"column":5}},"73":{"start":{"line":112,"column":8},"end":{"line":112,"column":27}},"74":{"start":{"line":113,"column":19},"end":{"line":113,"column":26}},"75":{"start":{"line":114,"column":8},"end":{"line":143,"column":9}},"76":{"start":{"line":115,"column":12},"end":{"line":115,"column":36}},"77":{"start":{"line":117,"column":30},"end":{"line":117,"column":32}},"78":{"start":{"line":119,"column":26},"end":{"line":119,"column":28}},"79":{"start":{"line":121,"column":12},"end":{"line":123,"column":13}},"80":{"start":{"line":121,"column":28},"end":{"line":121,"column":29}},"81":{"start":{"line":122,"column":16},"end":{"line":122,"column":50}},"82":{"start":{"line":125,"column":12},"end":{"line":125,"column":64}},"83":{"start":{"line":127,"column":38},"end":{"line":127,"column":40}},"84":{"start":{"line":129,"column":12},"end":{"line":140,"column":13}},"85":{"start":{"line":129,"column":24},"end":{"line":129,"column":25}},"86":{"start":{"line":131,"column":16},"end":{"line":139,"column":17}},"87":{"start":{"line":131,"column":28},"end":{"line":131,"column":29}},"88":{"start":{"line":133,"column":20},"end":{"line":138,"column":21}},"89":{"start":{"line":135,"column":35},"end":{"line":135,"column":122}},"90":{"start":{"line":137,"column":24},"end":{"line":137,"column":54}},"91":{"start":{"line":142,"column":12},"end":{"line":142,"column":47}},"92":{"start":{"line":144,"column":8},"end":{"line":144,"column":22}},"93":{"start":{"line":146,"column":19},"end":{"line":146,"column":29}},"94":{"start":{"line":147,"column":8},"end":{"line":147,"column":23}},"95":{"start":{"line":153,"column":0},"end":{"line":153,"column":28}}},"fnMap":{"0":{"name":"(anonymous_0)","decl":{"start":{"line":14,"column":23},"end":{"line":14,"column":24}},"loc":{"start":{"line":14,"column":43},"end":{"line":33,"column":1}},"line":14},"1":{"name":"(anonymous_1)","decl":{"start":{"line":18,"column":30},"end":{"line":18,"column":31}},"loc":{"start":{"line":18,"column":40},"end":{"line":22,"column":4}},"line":18},"2":{"name":"(anonymous_2)","decl":{"start":{"line":35,"column":36},"end":{"line":35,"column":37}},"loc":{"start":{"line":35,"column":56},"end":{"line":48,"column":1}},"line":35},"3":{"name":"(anonymous_3)","decl":{"start":{"line":50,"column":34},"end":{"line":50,"column":35}},"loc":{"start":{"line":50,"column":54},"end":{"line":67,"column":1}},"line":50},"4":{"name":"(anonymous_4)","decl":{"start":{"line":55,"column":21},"end":{"line":55,"column":22}},"loc":{"start":{"line":55,"column":28},"end":{"line":61,"column":5}},"line":55},"5":{"name":"(anonymous_5)","decl":{"start":{"line":69,"column":29},"end":{"line":69,"column":30}},"loc":{"start":{"line":69,"column":49},"end":{"line":71,"column":1}},"line":69},"6":{"name":"(anonymous_6)","decl":{"start":{"line":73,"column":28},"end":{"line":73,"column":29}},"loc":{"start":{"line":73,"column":48},"end":{"line":82,"column":1}},"line":73},"7":{"name":"(anonymous_7)","decl":{"start":{"line":84,"column":32},"end":{"line":84,"column":33}},"loc":{"start":{"line":84,"column":52},"end":{"line":86,"column":1}},"line":84},"8":{"name":"(anonymous_8)","decl":{"start":{"line":88,"column":38},"end":{"line":88,"column":39}},"loc":{"start":{"line":88,"column":64},"end":{"line":90,"column":1}},"line":88},"9":{"name":"(anonymous_9)","decl":{"start":{"line":92,"column":28},"end":{"line":92,"column":29}},"loc":{"start":{"line":92,"column":48},"end":{"line":108,"column":1}},"line":92},"10":{"name":"(anonymous_10)","decl":{"start":{"line":96,"column":21},"end":{"line":96,"column":22}},"loc":{"start":{"line":96,"column":30},"end":{"line":101,"column":5}},"line":96},"11":{"name":"(anonymous_11)","decl":{"start":{"line":110,"column":26},"end":{"line":110,"column":27}},"loc":{"start":{"line":110,"column":52},"end":{"line":149,"column":1}},"line":110}},"branchMap":{"0":{"loc":{"start":{"line":19,"column":7},"end":{"line":21,"column":8}},"type":"if","locations":[{"start":{"line":19,"column":7},"end":{"line":21,"column":8}},{"start":{},"end":{}}],"line":19},"1":{"loc":{"start":{"line":24,"column":3},"end":{"line":32,"column":4}},"type":"if","locations":[{"start":{"line":24,"column":3},"end":{"line":32,"column":4}},{"start":{"line":28,"column":9},"end":{"line":32,"column":4}}],"line":24},"2":{"loc":{"start":{"line":28,"column":9},"end":{"line":32,"column":4}},"type":"if","locations":[{"start":{"line":28,"column":9},"end":{"line":32,"column":4}},{"start":{},"end":{}}],"line":28},"3":{"loc":{"start":{"line":57,"column":8},"end":{"line":60,"column":9}},"type":"if","locations":[{"start":{"line":57,"column":8},"end":{"line":60,"column":9}},{"start":{},"end":{}}],"line":57},"4":{"loc":{"start":{"line":62,"column":4},"end":{"line":65,"column":5}},"type":"if","locations":[{"start":{"line":62,"column":4},"end":{"line":65,"column":5}},{"start":{},"end":{}}],"line":62},"5":{"loc":{"start":{"line":74,"column":4},"end":{"line":81,"column":5}},"type":"if","locations":[{"start":{"line":74,"column":4},"end":{"line":81,"column":5}},{"start":{"line":78,"column":9},"end":{"line":81,"column":5}}],"line":74},"6":{"loc":{"start":{"line":97,"column":8},"end":{"line":100,"column":9}},"type":"if","locations":[{"start":{"line":97,"column":8},"end":{"line":100,"column":9}},{"start":{},"end":{}}],"line":97},"7":{"loc":{"start":{"line":111,"column":4},"end":{"line":148,"column":5}},"type":"if","locations":[{"start":{"line":111,"column":4},"end":{"line":148,"column":5}},{"start":{"line":145,"column":9},"end":{"line":148,"column":5}}],"line":111},"8":{"loc":{"start":{"line":114,"column":8},"end":{"line":143,"column":9}},"type":"if","locations":[{"start":{"line":114,"column":8},"end":{"line":143,"column":9}},{"start":{},"end":{}}],"line":114},"9":{"loc":{"start":{"line":133,"column":20},"end":{"line":138,"column":21}},"type":"if","locations":[{"start":{"line":133,"column":20},"end":{"line":138,"column":21}},{"start":{},"end":{}}],"line":133}},"s":{"0":1,"1":1,"2":1,"3":1,"4":1,"5":1,"6":1,"7":1,"8":1,"9":1,"10":1,"11":2,"12":2,"13":2,"14":1,"15":2,"16":1,"17":1,"18":1,"19":1,"20":1,"21":1,"22":1,"23":1,"24":1,"25":1,"26":1,"27":1,"28":1,"29":1,"30":1,"31":1,"32":1,"33":1,"34":1,"35":1,"36":1,"37":1,"38":0,"39":0,"40":1,"41":1,"42":1,"43":1,"44":1,"45":1,"46":1,"47":0,"48":0,"49":0,"50":0,"51":0,"52":0,"53":1,"54":1,"55":1,"56":1,"57":1,"58":1,"59":1,"60":1,"61":1,"62":1,"63":1,"64":1,"65":1,"66":1,"67":1,"68":1,"69":1,"70":1,"71":1,"72":1,"73":0,"74":0,"75":0,"76":0,"77":0,"78":0,"79":0,"80":0,"81":0,"82":0,"83":0,"84":0,"85":0,"86":0,"87":0,"88":0,"89":0,"90":0,"91":0,"92":0,"93":1,"94":1,"95":1},"f":{"0":2,"1":2,"2":1,"3":1,"4":1,"5":1,"6":0,"7":1,"8":1,"9":1,"10":1,"11":1},"b":{"0":[1,1],"1":[1,1],"2":[1,0],"3":[0,1],"4":[1,0],"5":[0,0],"6":[1,0],"7":[0,1],"8":[0,0],"9":[0,0]},"_coverageSchema":"1a1c01bbd47fc00a2c39e90264f33305004495a9","hash":"459ca390edaa70e27b1f7830233f26fdde3963e5"}
,"C:\\Users\\mcken\\Documents\\Wits_2022\\Software Dev 3\\Group Project\\2022-group-lab-009\\Routes\\logRoutes.js": {"path":"C:\\Users\\mcken\\Documents\\Wits_2022\\Software Dev 3\\Group Project\\2022-group-lab-009\\Routes\\logRoutes.js","statementMap":{"0":{"start":{"line":1,"column":13},"end":{"line":1,"column":28}},"1":{"start":{"line":2,"column":16},"end":{"line":2,"column":34}},"2":{"start":{"line":3,"column":17},"end":{"line":3,"column":52}},"3":{"start":{"line":4,"column":11},"end":{"line":4,"column":46}},"4":{"start":{"line":5,"column":15},"end":{"line":5,"column":44}},"5":{"start":{"line":6,"column":18},"end":{"line":6,"column":34}},"6":{"start":{"line":8,"column":0},"end":{"line":10,"column":2}},"7":{"start":{"line":9,"column":4},"end":{"line":9,"column":60}},"8":{"start":{"line":12,"column":0},"end":{"line":14,"column":2}},"9":{"start":{"line":13,"column":4},"end":{"line":13,"column":25}},"10":{"start":{"line":16,"column":0},"end":{"line":23,"column":2}},"11":{"start":{"line":17,"column":14},"end":{"line":17,"column":16}},"12":{"start":{"line":18,"column":4},"end":{"line":22,"column":6}},"13":{"start":{"line":19,"column":8},"end":{"line":19,"column":18}},"14":{"start":{"line":21,"column":8},"end":{"line":21,"column":21}},"15":{"start":{"line":25,"column":0},"end":{"line":32,"column":2}},"16":{"start":{"line":26,"column":14},"end":{"line":26,"column":16}},"17":{"start":{"line":27,"column":4},"end":{"line":31,"column":6}},"18":{"start":{"line":28,"column":8},"end":{"line":28,"column":18}},"19":{"start":{"line":30,"column":8},"end":{"line":30,"column":21}},"20":{"start":{"line":34,"column":0},"end":{"line":36,"column":2}},"21":{"start":{"line":35,"column":4},"end":{"line":35,"column":21}},"22":{"start":{"line":38,"column":0},"end":{"line":38,"column":26}}},"fnMap":{"0":{"name":"(anonymous_0)","decl":{"start":{"line":8,"column":19},"end":{"line":8,"column":20}},"loc":{"start":{"line":8,"column":33},"end":{"line":10,"column":1}},"line":8},"1":{"name":"(anonymous_1)","decl":{"start":{"line":12,"column":27},"end":{"line":12,"column":28}},"loc":{"start":{"line":12,"column":41},"end":{"line":14,"column":1}},"line":12},"2":{"name":"(anonymous_2)","decl":{"start":{"line":16,"column":31},"end":{"line":16,"column":32}},"loc":{"start":{"line":16,"column":45},"end":{"line":23,"column":1}},"line":16},"3":{"name":"(anonymous_3)","decl":{"start":{"line":18,"column":31},"end":{"line":18,"column":32}},"loc":{"start":{"line":18,"column":41},"end":{"line":22,"column":5}},"line":18},"4":{"name":"(anonymous_4)","decl":{"start":{"line":25,"column":32},"end":{"line":25,"column":33}},"loc":{"start":{"line":25,"column":46},"end":{"line":32,"column":1}},"line":25},"5":{"name":"(anonymous_5)","decl":{"start":{"line":27,"column":32},"end":{"line":27,"column":33}},"loc":{"start":{"line":27,"column":42},"end":{"line":31,"column":5}},"line":27},"6":{"name":"(anonymous_6)","decl":{"start":{"line":34,"column":23},"end":{"line":34,"column":24}},"loc":{"start":{"line":34,"column":37},"end":{"line":36,"column":1}},"line":34}},"branchMap":{},"s":{"0":1,"1":1,"2":1,"3":1,"4":1,"5":1,"6":1,"7":1,"8":1,"9":1,"10":1,"11":1,"12":1,"13":1,"14":1,"15":1,"16":1,"17":1,"18":1,"19":1,"20":1,"21":1,"22":1},"f":{"0":1,"1":1,"2":1,"3":1,"4":1,"5":1,"6":1},"b":{},"_coverageSchema":"1a1c01bbd47fc00a2c39e90264f33305004495a9","hash":"96dc0d146bb239d94511f1d15efef36618c5b1b0"}
,"C:\\Users\\mcken\\Documents\\Wits_2022\\Software Dev 3\\Group Project\\2022-group-lab-009\\Routes\\loginRoutes.js": {"path":"C:\\Users\\mcken\\Documents\\Wits_2022\\Software Dev 3\\Group Project\\2022-group-lab-009\\Routes\\loginRoutes.js","statementMap":{"0":{"start":{"line":1,"column":13},"end":{"line":1,"column":28}},"1":{"start":{"line":2,"column":16},"end":{"line":2,"column":34}},"2":{"start":{"line":3,"column":17},"end":{"line":3,"column":52}},"3":{"start":{"line":4,"column":15},"end":{"line":4,"column":44}},"4":{"start":{"line":5,"column":20},"end":{"line":5,"column":36}},"5":{"start":{"line":7,"column":0},"end":{"line":16,"column":2}},"6":{"start":{"line":8,"column":19},"end":{"line":8,"column":38}},"7":{"start":{"line":9,"column":19},"end":{"line":9,"column":40}},"8":{"start":{"line":10,"column":2},"end":{"line":10,"column":37}},"9":{"start":{"line":11,"column":2},"end":{"line":11,"column":38}},"10":{"start":{"line":12,"column":19},"end":{"line":12,"column":54}},"11":{"start":{"line":13,"column":2},"end":{"line":13,"column":40}},"12":{"start":{"line":14,"column":18},"end":{"line":14,"column":67}},"13":{"start":{"line":15,"column":2},"end":{"line":15,"column":21}},"14":{"start":{"line":18,"column":0},"end":{"line":34,"column":2}},"15":{"start":{"line":19,"column":19},"end":{"line":19,"column":38}},"16":{"start":{"line":20,"column":19},"end":{"line":20,"column":40}},"17":{"start":{"line":21,"column":2},"end":{"line":21,"column":37}},"18":{"start":{"line":22,"column":2},"end":{"line":22,"column":38}},"19":{"start":{"line":23,"column":19},"end":{"line":23,"column":54}},"20":{"start":{"line":24,"column":2},"end":{"line":24,"column":40}},"21":{"start":{"line":25,"column":2},"end":{"line":25,"column":24}},"22":{"start":{"line":26,"column":2},"end":{"line":33,"column":4}},"23":{"start":{"line":27,"column":4},"end":{"line":27,"column":21}},"24":{"start":{"line":28,"column":4},"end":{"line":32,"column":5}},"25":{"start":{"line":29,"column":6},"end":{"line":29,"column":24}},"26":{"start":{"line":31,"column":6},"end":{"line":31,"column":20}},"27":{"start":{"line":36,"column":0},"end":{"line":36,"column":28}}},"fnMap":{"0":{"name":"(anonymous_0)","decl":{"start":{"line":7,"column":30},"end":{"line":7,"column":31}},"loc":{"start":{"line":7,"column":56},"end":{"line":16,"column":1}},"line":7},"1":{"name":"(anonymous_1)","decl":{"start":{"line":18,"column":27},"end":{"line":18,"column":28}},"loc":{"start":{"line":18,"column":47},"end":{"line":34,"column":1}},"line":18},"2":{"name":"(anonymous_2)","decl":{"start":{"line":26,"column":48},"end":{"line":26,"column":49}},"loc":{"start":{"line":26,"column":56},"end":{"line":33,"column":3}},"line":26}},"branchMap":{"0":{"loc":{"start":{"line":28,"column":4},"end":{"line":32,"column":5}},"type":"if","locations":[{"start":{"line":28,"column":4},"end":{"line":32,"column":5}},{"start":{"line":30,"column":11},"end":{"line":32,"column":5}}],"line":28}},"s":{"0":1,"1":1,"2":1,"3":1,"4":1,"5":1,"6":0,"7":0,"8":0,"9":0,"10":0,"11":0,"12":0,"13":0,"14":1,"15":2,"16":2,"17":2,"18":2,"19":2,"20":2,"21":2,"22":2,"23":2,"24":2,"25":1,"26":1,"27":1},"f":{"0":0,"1":2,"2":2},"b":{"0":[1,1]},"_coverageSchema":"1a1c01bbd47fc00a2c39e90264f33305004495a9","hash":"384b5cd1d2ae6148b4a446747202368572015eeb"}
,"C:\\Users\\mcken\\Documents\\Wits_2022\\Software Dev 3\\Group Project\\2022-group-lab-009\\Routes\\mainRoute.js": {"path":"C:\\Users\\mcken\\Documents\\Wits_2022\\Software Dev 3\\Group Project\\2022-group-lab-009\\Routes\\mainRoute.js","statementMap":{"0":{"start":{"line":1,"column":13},"end":{"line":1,"column":28}},"1":{"start":{"line":2,"column":16},"end":{"line":2,"column":34}},"2":{"start":{"line":3,"column":19},"end":{"line":3,"column":35}},"3":{"start":{"line":4,"column":19},"end":{"line":4,"column":21}},"4":{"start":{"line":6,"column":0},"end":{"line":8,"column":2}},"5":{"start":{"line":7,"column":2},"end":{"line":7,"column":59}},"6":{"start":{"line":10,"column":0},"end":{"line":10,"column":27}}},"fnMap":{"0":{"name":"(anonymous_0)","decl":{"start":{"line":6,"column":20},"end":{"line":6,"column":21}},"loc":{"start":{"line":6,"column":34},"end":{"line":8,"column":1}},"line":6}},"branchMap":{},"s":{"0":1,"1":1,"2":1,"3":1,"4":1,"5":1,"6":1},"f":{"0":1},"b":{},"_coverageSchema":"1a1c01bbd47fc00a2c39e90264f33305004495a9","hash":"6b7eb03cd3517ea2969c271b95ca71b1254d0862"}
,"C:\\Users\\mcken\\Documents\\Wits_2022\\Software Dev 3\\Group Project\\2022-group-lab-009\\scripts\\DateFormat.js": {"path":"C:\\Users\\mcken\\Documents\\Wits_2022\\Software Dev 3\\Group Project\\2022-group-lab-009\\scripts\\DateFormat.js","statementMap":{"0":{"start":{"line":2,"column":4},"end":{"line":2,"column":43}},"1":{"start":{"line":6,"column":4},"end":{"line":18,"column":6}},"2":{"start":{"line":21,"column":0},"end":{"line":21,"column":30}}},"fnMap":{"0":{"name":"padTo2Digits","decl":{"start":{"line":1,"column":9},"end":{"line":1,"column":21}},"loc":{"start":{"line":1,"column":27},"end":{"line":3,"column":1}},"line":1},"1":{"name":"formatDate","decl":{"start":{"line":5,"column":9},"end":{"line":5,"column":19}},"loc":{"start":{"line":5,"column":26},"end":{"line":19,"column":1}},"line":5}},"branchMap":{},"s":{"0":5,"1":1,"2":1},"f":{"0":5,"1":1},"b":{},"_coverageSchema":"1a1c01bbd47fc00a2c39e90264f33305004495a9","hash":"5048cb482832819327561c3e4b91fbda04cca3fc"}
,"C:\\Users\\mcken\\Documents\\Wits_2022\\Software Dev 3\\Group Project\\2022-group-lab-009\\scripts\\HashGen.js": {"path":"C:\\Users\\mcken\\Documents\\Wits_2022\\Software Dev 3\\Group Project\\2022-group-lab-009\\scripts\\HashGen.js","statementMap":{"0":{"start":{"line":3,"column":15},"end":{"line":3,"column":16}},"1":{"start":{"line":5,"column":4},"end":{"line":5,"column":44}},"2":{"start":{"line":5,"column":32},"end":{"line":5,"column":44}},"3":{"start":{"line":6,"column":4},"end":{"line":11,"column":5}},"4":{"start":{"line":8,"column":4},"end":{"line":8,"column":34}},"5":{"start":{"line":9,"column":4},"end":{"line":9,"column":37}},"6":{"start":{"line":10,"column":4},"end":{"line":10,"column":23}},"7":{"start":{"line":12,"column":4},"end":{"line":12,"column":44}},"8":{"start":{"line":13,"column":4},"end":{"line":13,"column":16}},"9":{"start":{"line":16,"column":0},"end":{"line":16,"column":38}}},"fnMap":{"0":{"name":"GenerateUniqueHash","decl":{"start":{"line":1,"column":10},"end":{"line":1,"column":28}},"loc":{"start":{"line":1,"column":40},"end":{"line":14,"column":1}},"line":1}},"branchMap":{"0":{"loc":{"start":{"line":5,"column":4},"end":{"line":5,"column":44}},"type":"if","locations":[{"start":{"line":5,"column":4},"end":{"line":5,"column":44}},{"start":{},"end":{}}],"line":5}},"s":{"0":4,"1":4,"2":0,"3":4,"4":21,"5":21,"6":21,"7":4,"8":4,"9":1},"f":{"0":4},"b":{"0":[0,4]},"_coverageSchema":"1a1c01bbd47fc00a2c39e90264f33305004495a9","hash":"655c298d00d36b72aeecb198dd7fed8c4123fd3f"}
,"C:\\Users\\mcken\\Documents\\Wits_2022\\Software Dev 3\\Group Project\\2022-group-lab-009\\scripts\\dbInteraction.js": {"path":"C:\\Users\\mcken\\Documents\\Wits_2022\\Software Dev 3\\Group Project\\2022-group-lab-009\\scripts\\dbInteraction.js","statementMap":{"0":{"start":{"line":3,"column":26},"end":{"line":87,"column":2}},"1":{"start":{"line":3,"column":42},"end":{"line":87,"column":2}},"2":{"start":{"line":8,"column":34},"end":{"line":8,"column":52}},"3":{"start":{"line":12,"column":17},"end":{"line":26,"column":3}},"4":{"start":{"line":29,"column":21},"end":{"line":29,"column":43}},"5":{"start":{"line":31,"column":2},"end":{"line":31,"column":22}},"6":{"start":{"line":34,"column":2},"end":{"line":48,"column":4}},"7":{"start":{"line":35,"column":4},"end":{"line":47,"column":5}},"8":{"start":{"line":36,"column":6},"end":{"line":36,"column":32}},"9":{"start":{"line":38,"column":6},"end":{"line":38,"column":45}},"10":{"start":{"line":40,"column":6},"end":{"line":46,"column":10}},"11":{"start":{"line":42,"column":10},"end":{"line":42,"column":25}},"12":{"start":{"line":45,"column":10},"end":{"line":45,"column":21}},"13":{"start":{"line":51,"column":4},"end":{"line":85,"column":6}},"14":{"start":{"line":53,"column":18},"end":{"line":53,"column":28}},"15":{"start":{"line":54,"column":6},"end":{"line":54,"column":38}},"16":{"start":{"line":57,"column":22},"end":{"line":66,"column":7}},"17":{"start":{"line":60,"column":10},"end":{"line":64,"column":11}},"18":{"start":{"line":61,"column":12},"end":{"line":61,"column":23}},"19":{"start":{"line":63,"column":12},"end":{"line":63,"column":54}},"20":{"start":{"line":68,"column":25},"end":{"line":68,"column":27}},"21":{"start":{"line":71,"column":6},"end":{"line":76,"column":8}},"22":{"start":{"line":72,"column":8},"end":{"line":75,"column":10}},"23":{"start":{"line":74,"column":10},"end":{"line":74,"column":66}},"24":{"start":{"line":79,"column":6},"end":{"line":82,"column":8}},"25":{"start":{"line":80,"column":8},"end":{"line":80,"column":26}},"26":{"start":{"line":81,"column":8},"end":{"line":81,"column":27}},"27":{"start":{"line":84,"column":6},"end":{"line":84,"column":33}},"28":{"start":{"line":90,"column":21},"end":{"line":98,"column":1}},"29":{"start":{"line":91,"column":17},"end":{"line":91,"column":59}},"30":{"start":{"line":92,"column":2},"end":{"line":97,"column":3}},"31":{"start":{"line":93,"column":19},"end":{"line":93,"column":50}},"32":{"start":{"line":94,"column":4},"end":{"line":94,"column":23}},"33":{"start":{"line":96,"column":4},"end":{"line":96,"column":20}},"34":{"start":{"line":101,"column":22},"end":{"line":117,"column":1}},"35":{"start":{"line":102,"column":2},"end":{"line":116,"column":3}},"36":{"start":{"line":103,"column":22},"end":{"line":103,"column":42}},"37":{"start":{"line":105,"column":25},"end":{"line":105,"column":66}},"38":{"start":{"line":107,"column":19},"end":{"line":107,"column":110}},"39":{"start":{"line":109,"column":23},"end":{"line":109,"column":54}},"40":{"start":{"line":111,"column":17},"end":{"line":111,"column":65}},"41":{"start":{"line":113,"column":4},"end":{"line":113,"column":15}},"42":{"start":{"line":115,"column":4},"end":{"line":115,"column":20}},"43":{"start":{"line":120,"column":20},"end":{"line":134,"column":1}},"44":{"start":{"line":121,"column":2},"end":{"line":133,"column":3}},"45":{"start":{"line":122,"column":19},"end":{"line":122,"column":96}},"46":{"start":{"line":124,"column":22},"end":{"line":124,"column":53}},"47":{"start":{"line":126,"column":4},"end":{"line":130,"column":5}},"48":{"start":{"line":127,"column":6},"end":{"line":127,"column":28}},"49":{"start":{"line":129,"column":6},"end":{"line":129,"column":15}},"50":{"start":{"line":132,"column":4},"end":{"line":132,"column":20}},"51":{"start":{"line":137,"column":23},"end":{"line":148,"column":1}},"52":{"start":{"line":138,"column":2},"end":{"line":147,"column":3}},"53":{"start":{"line":139,"column":19},"end":{"line":139,"column":142}},"54":{"start":{"line":141,"column":22},"end":{"line":141,"column":53}},"55":{"start":{"line":143,"column":4},"end":{"line":143,"column":26}},"56":{"start":{"line":145,"column":4},"end":{"line":145,"column":20}},"57":{"start":{"line":146,"column":4},"end":{"line":146,"column":13}},"58":{"start":{"line":151,"column":20},"end":{"line":169,"column":1}},"59":{"start":{"line":152,"column":2},"end":{"line":168,"column":3}},"60":{"start":{"line":153,"column":19},"end":{"line":153,"column":156}},"61":{"start":{"line":155,"column":4},"end":{"line":155,"column":51}},"62":{"start":{"line":157,"column":4},"end":{"line":165,"column":5}},"63":{"start":{"line":158,"column":6},"end":{"line":162,"column":7}},"64":{"start":{"line":159,"column":8},"end":{"line":159,"column":34}},"65":{"start":{"line":161,"column":8},"end":{"line":161,"column":17}},"66":{"start":{"line":164,"column":6},"end":{"line":164,"column":15}},"67":{"start":{"line":167,"column":4},"end":{"line":167,"column":20}},"68":{"start":{"line":171,"column":25},"end":{"line":183,"column":1}},"69":{"start":{"line":172,"column":2},"end":{"line":182,"column":3}},"70":{"start":{"line":173,"column":19},"end":{"line":173,"column":110}},"71":{"start":{"line":175,"column":4},"end":{"line":175,"column":23}},"72":{"start":{"line":177,"column":19},"end":{"line":177,"column":50}},"73":{"start":{"line":179,"column":4},"end":{"line":179,"column":17}},"74":{"start":{"line":181,"column":4},"end":{"line":181,"column":20}},"75":{"start":{"line":186,"column":24},"end":{"line":200,"column":1}},"76":{"start":{"line":187,"column":2},"end":{"line":199,"column":3}},"77":{"start":{"line":188,"column":17},"end":{"line":188,"column":162}},"78":{"start":{"line":190,"column":4},"end":{"line":190,"column":51}},"79":{"start":{"line":192,"column":4},"end":{"line":196,"column":5}},"80":{"start":{"line":193,"column":6},"end":{"line":193,"column":112}},"81":{"start":{"line":195,"column":6},"end":{"line":195,"column":37}},"82":{"start":{"line":198,"column":4},"end":{"line":198,"column":20}},"83":{"start":{"line":203,"column":20},"end":{"line":211,"column":1}},"84":{"start":{"line":204,"column":2},"end":{"line":210,"column":3}},"85":{"start":{"line":205,"column":19},"end":{"line":205,"column":105}},"86":{"start":{"line":207,"column":4},"end":{"line":207,"column":35}},"87":{"start":{"line":209,"column":4},"end":{"line":209,"column":20}},"88":{"start":{"line":214,"column":22},"end":{"line":228,"column":1}},"89":{"start":{"line":215,"column":2},"end":{"line":227,"column":3}},"90":{"start":{"line":216,"column":4},"end":{"line":216,"column":100}},"91":{"start":{"line":218,"column":4},"end":{"line":218,"column":53}},"92":{"start":{"line":220,"column":4},"end":{"line":224,"column":5}},"93":{"start":{"line":221,"column":6},"end":{"line":221,"column":34}},"94":{"start":{"line":223,"column":6},"end":{"line":223,"column":15}},"95":{"start":{"line":226,"column":4},"end":{"line":226,"column":20}},"96":{"start":{"line":230,"column":29},"end":{"line":260,"column":1}},"97":{"start":{"line":231,"column":2},"end":{"line":259,"column":3}},"98":{"start":{"line":232,"column":4},"end":{"line":232,"column":21}},"99":{"start":{"line":234,"column":4},"end":{"line":240,"column":5}},"100":{"start":{"line":234,"column":17},"end":{"line":234,"column":18}},"101":{"start":{"line":235,"column":6},"end":{"line":239,"column":7}},"102":{"start":{"line":236,"column":8},"end":{"line":236,"column":81}},"103":{"start":{"line":238,"column":8},"end":{"line":238,"column":73}},"104":{"start":{"line":242,"column":19},"end":{"line":242,"column":94}},"105":{"start":{"line":244,"column":4},"end":{"line":244,"column":23}},"106":{"start":{"line":246,"column":28},"end":{"line":246,"column":59}},"107":{"start":{"line":248,"column":19},"end":{"line":248,"column":21}},"108":{"start":{"line":250,"column":4},"end":{"line":254,"column":5}},"109":{"start":{"line":250,"column":17},"end":{"line":250,"column":18}},"110":{"start":{"line":251,"column":19},"end":{"line":251,"column":91}},"111":{"start":{"line":253,"column":6},"end":{"line":253,"column":23}},"112":{"start":{"line":256,"column":4},"end":{"line":256,"column":17}},"113":{"start":{"line":258,"column":4},"end":{"line":258,"column":20}},"114":{"start":{"line":263,"column":20},"end":{"line":273,"column":1}},"115":{"start":{"line":264,"column":2},"end":{"line":272,"column":3}},"116":{"start":{"line":265,"column":19},"end":{"line":265,"column":143}},"117":{"start":{"line":267,"column":20},"end":{"line":267,"column":51}},"118":{"start":{"line":269,"column":4},"end":{"line":269,"column":24}},"119":{"start":{"line":271,"column":4},"end":{"line":271,"column":20}},"120":{"start":{"line":276,"column":24},"end":{"line":284,"column":1}},"121":{"start":{"line":277,"column":2},"end":{"line":283,"column":3}},"122":{"start":{"line":278,"column":19},"end":{"line":278,"column":143}},"123":{"start":{"line":280,"column":4},"end":{"line":280,"column":35}},"124":{"start":{"line":282,"column":4},"end":{"line":282,"column":20}},"125":{"start":{"line":286,"column":25},"end":{"line":296,"column":1}},"126":{"start":{"line":287,"column":2},"end":{"line":295,"column":3}},"127":{"start":{"line":288,"column":19},"end":{"line":288,"column":154}},"128":{"start":{"line":290,"column":18},"end":{"line":290,"column":49}},"129":{"start":{"line":292,"column":4},"end":{"line":292,"column":16}},"130":{"start":{"line":294,"column":4},"end":{"line":294,"column":20}},"131":{"start":{"line":298,"column":26},"end":{"line":310,"column":1}},"132":{"start":{"line":299,"column":2},"end":{"line":309,"column":3}},"133":{"start":{"line":300,"column":19},"end":{"line":300,"column":244}},"134":{"start":{"line":302,"column":18},"end":{"line":302,"column":49}},"135":{"start":{"line":304,"column":4},"end":{"line":304,"column":22}},"136":{"start":{"line":306,"column":4},"end":{"line":306,"column":16}},"137":{"start":{"line":308,"column":4},"end":{"line":308,"column":20}},"138":{"start":{"line":316,"column":0},"end":{"line":316,"column":227}}},"fnMap":{"0":{"name":"(anonymous_0)","decl":{"start":{"line":3,"column":26},"end":{"line":3,"column":27}},"loc":{"start":{"line":3,"column":42},"end":{"line":87,"column":2}},"line":3},"1":{"name":"(anonymous_1)","decl":{"start":{"line":3,"column":54},"end":{"line":3,"column":55}},"loc":{"start":{"line":3,"column":75},"end":{"line":87,"column":1}},"line":3},"2":{"name":"(anonymous_2)","decl":{"start":{"line":34,"column":27},"end":{"line":34,"column":28}},"loc":{"start":{"line":34,"column":40},"end":{"line":48,"column":3}},"line":34},"3":{"name":"(anonymous_3)","decl":{"start":{"line":41,"column":14},"end":{"line":41,"column":15}},"loc":{"start":{"line":41,"column":24},"end":{"line":43,"column":9}},"line":41},"4":{"name":"(anonymous_4)","decl":{"start":{"line":44,"column":15},"end":{"line":44,"column":16}},"loc":{"start":{"line":44,"column":22},"end":{"line":46,"column":9}},"line":44},"5":{"name":"ExecuteSQLStatement","decl":{"start":{"line":50,"column":11},"end":{"line":50,"column":30}},"loc":{"start":{"line":50,"column":44},"end":{"line":86,"column":3}},"line":50},"6":{"name":"(anonymous_6)","decl":{"start":{"line":51,"column":23},"end":{"line":51,"column":24}},"loc":{"start":{"line":51,"column":44},"end":{"line":85,"column":5}},"line":51},"7":{"name":"(anonymous_7)","decl":{"start":{"line":59,"column":8},"end":{"line":59,"column":9}},"loc":{"start":{"line":59,"column":27},"end":{"line":65,"column":9}},"line":59},"8":{"name":"(anonymous_8)","decl":{"start":{"line":71,"column":24},"end":{"line":71,"column":25}},"loc":{"start":{"line":71,"column":35},"end":{"line":76,"column":7}},"line":71},"9":{"name":"(anonymous_9)","decl":{"start":{"line":72,"column":24},"end":{"line":72,"column":25}},"loc":{"start":{"line":72,"column":34},"end":{"line":75,"column":9}},"line":72},"10":{"name":"(anonymous_10)","decl":{"start":{"line":79,"column":37},"end":{"line":79,"column":38}},"loc":{"start":{"line":79,"column":63},"end":{"line":82,"column":7}},"line":79},"11":{"name":"(anonymous_11)","decl":{"start":{"line":90,"column":21},"end":{"line":90,"column":22}},"loc":{"start":{"line":90,"column":33},"end":{"line":98,"column":1}},"line":90},"12":{"name":"(anonymous_12)","decl":{"start":{"line":101,"column":22},"end":{"line":101,"column":23}},"loc":{"start":{"line":101,"column":34},"end":{"line":117,"column":1}},"line":101},"13":{"name":"(anonymous_13)","decl":{"start":{"line":120,"column":20},"end":{"line":120,"column":21}},"loc":{"start":{"line":120,"column":43},"end":{"line":134,"column":1}},"line":120},"14":{"name":"(anonymous_14)","decl":{"start":{"line":137,"column":23},"end":{"line":137,"column":24}},"loc":{"start":{"line":137,"column":62},"end":{"line":148,"column":1}},"line":137},"15":{"name":"(anonymous_15)","decl":{"start":{"line":151,"column":20},"end":{"line":151,"column":21}},"loc":{"start":{"line":151,"column":59},"end":{"line":169,"column":1}},"line":151},"16":{"name":"(anonymous_16)","decl":{"start":{"line":171,"column":25},"end":{"line":171,"column":26}},"loc":{"start":{"line":171,"column":46},"end":{"line":183,"column":1}},"line":171},"17":{"name":"(anonymous_17)","decl":{"start":{"line":186,"column":24},"end":{"line":186,"column":25}},"loc":{"start":{"line":186,"column":44},"end":{"line":200,"column":1}},"line":186},"18":{"name":"(anonymous_18)","decl":{"start":{"line":203,"column":20},"end":{"line":203,"column":21}},"loc":{"start":{"line":203,"column":40},"end":{"line":211,"column":1}},"line":203},"19":{"name":"(anonymous_19)","decl":{"start":{"line":214,"column":22},"end":{"line":214,"column":23}},"loc":{"start":{"line":214,"column":42},"end":{"line":228,"column":1}},"line":214},"20":{"name":"(anonymous_20)","decl":{"start":{"line":230,"column":29},"end":{"line":230,"column":30}},"loc":{"start":{"line":230,"column":49},"end":{"line":260,"column":1}},"line":230},"21":{"name":"(anonymous_21)","decl":{"start":{"line":263,"column":20},"end":{"line":263,"column":21}},"loc":{"start":{"line":263,"column":64},"end":{"line":273,"column":1}},"line":263},"22":{"name":"(anonymous_22)","decl":{"start":{"line":276,"column":24},"end":{"line":276,"column":25}},"loc":{"start":{"line":276,"column":85},"end":{"line":284,"column":1}},"line":276},"23":{"name":"(anonymous_23)","decl":{"start":{"line":286,"column":25},"end":{"line":286,"column":26}},"loc":{"start":{"line":286,"column":37},"end":{"line":296,"column":1}},"line":286},"24":{"name":"(anonymous_24)","decl":{"start":{"line":298,"column":26},"end":{"line":298,"column":27}},"loc":{"start":{"line":298,"column":38},"end":{"line":310,"column":1}},"line":298}},"branchMap":{"0":{"loc":{"start":{"line":35,"column":4},"end":{"line":47,"column":5}},"type":"if","locations":[{"start":{"line":35,"column":4},"end":{"line":47,"column":5}},{"start":{"line":37,"column":11},"end":{"line":47,"column":5}}],"line":35},"1":{"loc":{"start":{"line":60,"column":10},"end":{"line":64,"column":11}},"type":"if","locations":[{"start":{"line":60,"column":10},"end":{"line":64,"column":11}},{"start":{"line":62,"column":17},"end":{"line":64,"column":11}}],"line":60},"2":{"loc":{"start":{"line":126,"column":4},"end":{"line":130,"column":5}},"type":"if","locations":[{"start":{"line":126,"column":4},"end":{"line":130,"column":5}},{"start":{"line":128,"column":11},"end":{"line":130,"column":5}}],"line":126},"3":{"loc":{"start":{"line":157,"column":4},"end":{"line":165,"column":5}},"type":"if","locations":[{"start":{"line":157,"column":4},"end":{"line":165,"column":5}},{"start":{"line":163,"column":11},"end":{"line":165,"column":5}}],"line":157},"4":{"loc":{"start":{"line":158,"column":6},"end":{"line":162,"column":7}},"type":"if","locations":[{"start":{"line":158,"column":6},"end":{"line":162,"column":7}},{"start":{"line":160,"column":13},"end":{"line":162,"column":7}}],"line":158},"5":{"loc":{"start":{"line":192,"column":4},"end":{"line":196,"column":5}},"type":"if","locations":[{"start":{"line":192,"column":4},"end":{"line":196,"column":5}},{"start":{},"end":{}}],"line":192},"6":{"loc":{"start":{"line":220,"column":4},"end":{"line":224,"column":5}},"type":"if","locations":[{"start":{"line":220,"column":4},"end":{"line":224,"column":5}},{"start":{"line":222,"column":11},"end":{"line":224,"column":5}}],"line":220},"7":{"loc":{"start":{"line":235,"column":6},"end":{"line":239,"column":7}},"type":"if","locations":[{"start":{"line":235,"column":6},"end":{"line":239,"column":7}},{"start":{"line":237,"column":13},"end":{"line":239,"column":7}}],"line":235}},"s":{"0":1,"1":26,"2":26,"3":26,"4":26,"5":26,"6":26,"7":26,"8":0,"9":26,"10":26,"11":26,"12":0,"13":26,"14":26,"15":26,"16":26,"17":26,"18":0,"19":26,"20":26,"21":26,"22":646,"23":2534,"24":26,"25":26,"26":26,"27":26,"28":1,"29":2,"30":2,"31":2,"32":2,"33":0,"34":1,"35":2,"36":2,"37":2,"38":2,"39":2,"40":2,"41":2,"42":0,"43":1,"44":4,"45":4,"46":4,"47":4,"48":3,"49":1,"50":0,"51":1,"52":2,"53":2,"54":2,"55":2,"56":0,"57":0,"58":1,"59":6,"60":6,"61":6,"62":6,"63":6,"64":4,"65":2,"66":0,"67":0,"68":1,"69":2,"70":2,"71":2,"72":2,"73":2,"74":0,"75":1,"76":2,"77":2,"78":1,"79":1,"80":1,"81":1,"82":1,"83":1,"84":1,"85":1,"86":0,"87":1,"88":1,"89":3,"90":3,"91":3,"92":3,"93":2,"94":1,"95":0,"96":1,"97":0,"98":0,"99":0,"100":0,"101":0,"102":0,"103":0,"104":0,"105":0,"106":0,"107":0,"108":0,"109":0,"110":0,"111":0,"112":0,"113":0,"114":1,"115":1,"116":1,"117":1,"118":1,"119":0,"120":1,"121":0,"122":0,"123":0,"124":0,"125":1,"126":1,"127":1,"128":1,"129":1,"130":0,"131":1,"132":1,"133":1,"134":1,"135":1,"136":1,"137":0,"138":1},"f":{"0":26,"1":26,"2":26,"3":26,"4":0,"5":26,"6":26,"7":26,"8":646,"9":2534,"10":26,"11":2,"12":2,"13":4,"14":2,"15":6,"16":2,"17":2,"18":1,"19":3,"20":0,"21":1,"22":0,"23":1,"24":1},"b":{"0":[0,26],"1":[0,26],"2":[3,1],"3":[6,0],"4":[4,2],"5":[1,0],"6":[2,1],"7":[0,0]},"_coverageSchema":"1a1c01bbd47fc00a2c39e90264f33305004495a9","hash":"f51f5acc923e889a33c0996eab87e5d8a2f8c20d"}
}
