TN:
SF:index.js
FN:26,(anonymous_0)
FNF:1
FNH:1
FNDA:1,(anonymous_0)
DA:1,1
DA:2,1
DA:3,1
DA:4,1
DA:5,1
DA:6,1
DA:7,1
DA:8,1
DA:10,1
DA:11,1
DA:12,1
DA:13,1
DA:14,1
DA:15,1
DA:16,1
DA:17,1
DA:18,1
DA:19,1
DA:20,1
DA:21,1
DA:22,1
DA:23,1
DA:24,1
DA:26,1
DA:27,1
DA:30,1
LF:26
LH:26
BRDA:12,0,0,1
BRDA:12,0,1,1
BRF:2
BRH:2
end_of_record
TN:
SF:Routes\GameRoute.js
FN:16,(anonymous_0)
FN:20,(anonymous_1)
FN:24,(anonymous_2)
FN:30,(anonymous_3)
FN:33,(anonymous_4)
FN:37,(anonymous_5)
FN:43,(anonymous_6)
FN:52,(anonymous_7)
FN:55,(anonymous_8)
FN:66,(anonymous_9)
FN:67,(anonymous_10)
FN:72,(anonymous_11)
FN:77,(anonymous_12)
FN:82,(anonymous_13)
FN:83,(anonymous_14)
FN:90,(anonymous_15)
FN:94,(anonymous_16)
FN:100,(anonymous_17)
FN:104,(anonymous_18)
FN:120,(anonymous_19)
FN:129,(anonymous_20)
FN:137,(anonymous_21)
FNF:22
FNH:12
FNDA:1,(anonymous_0)
FNDA:1,(anonymous_1)
FNDA:1,(anonymous_2)
FNDA:0,(anonymous_3)
FNDA:0,(anonymous_4)
FNDA:0,(anonymous_5)
FNDA:0,(anonymous_6)
FNDA:1,(anonymous_7)
FNDA:0,(anonymous_8)
FNDA:2,(anonymous_9)
FNDA:2,(anonymous_10)
FNDA:1,(anonymous_11)
FNDA:1,(anonymous_12)
FNDA:0,(anonymous_13)
FNDA:0,(anonymous_14)
FNDA:1,(anonymous_15)
FNDA:0,(anonymous_16)
FNDA:1,(anonymous_17)
FNDA:0,(anonymous_18)
FNDA:1,(anonymous_19)
FNDA:1,(anonymous_20)
FNDA:0,(anonymous_21)
DA:1,1
DA:2,1
DA:3,1
DA:4,1
DA:5,1
DA:6,1
DA:7,1
DA:8,1
DA:9,1
DA:10,1
DA:11,1
DA:12,1
DA:13,1
DA:14,1
DA:16,1
DA:17,1
DA:18,1
DA:19,1
DA:20,1
DA:21,1
DA:22,1
DA:23,1
DA:24,1
DA:25,1
DA:28,0
DA:29,0
DA:30,0
DA:31,0
DA:32,0
DA:33,0
DA:34,0
DA:35,0
DA:36,0
DA:37,0
DA:38,0
DA:42,0
DA:43,0
DA:44,0
DA:49,1
DA:52,1
DA:53,1
DA:54,1
DA:55,1
DA:59,0
DA:60,0
DA:62,0
DA:63,0
DA:66,1
DA:67,2
DA:68,2
DA:72,1
DA:73,1
DA:74,1
DA:77,1
DA:78,1
DA:79,1
DA:82,1
DA:83,0
DA:84,0
DA:85,0
DA:86,0
DA:90,1
DA:91,1
DA:94,1
DA:95,0
DA:96,0
DA:97,0
DA:100,1
DA:101,1
DA:104,1
DA:105,0
DA:106,0
DA:107,0
DA:108,0
DA:109,0
DA:110,0
DA:111,0
DA:112,0
DA:113,0
DA:114,0
DA:116,0
DA:120,1
DA:121,1
DA:122,1
DA:123,1
DA:124,1
DA:125,1
DA:126,1
DA:129,1
DA:130,1
DA:134,1
DA:137,1
DA:138,0
DA:139,0
DA:142,1
LF:95
LH:57
BRDA:17,0,0,1
BRDA:17,0,1,0
BRDA:17,1,0,1
BRDA:17,1,1,1
BRDA:28,2,0,0
BRDA:28,2,1,0
BRDA:28,3,0,0
BRDA:28,3,1,0
BRDA:31,4,0,0
BRDA:31,4,1,0
BRDA:109,5,0,0
BRDA:109,5,1,0
BRDA:113,6,0,0
BRDA:113,6,1,0
BRF:14
BRH:3
end_of_record
TN:
SF:Routes\QueueRoutes.js
FN:9,(anonymous_0)
FNF:1
FNH:1
FNDA:1,(anonymous_0)
DA:2,1
DA:3,1
DA:4,1
DA:5,1
DA:6,1
DA:9,1
DA:11,1
DA:15,1
LF:8
LH:8
BRF:0
BRH:0
end_of_record
TN:
SF:Routes\authRoutes.js
FN:14,(anonymous_0)
FN:18,(anonymous_1)
FN:35,(anonymous_2)
FN:50,(anonymous_3)
FN:55,(anonymous_4)
FN:69,(anonymous_5)
FN:73,(anonymous_6)
FN:84,(anonymous_7)
FN:88,(anonymous_8)
FN:92,(anonymous_9)
FN:96,(anonymous_10)
FN:110,(anonymous_11)
FNF:12
FNH:11
FNDA:2,(anonymous_0)
FNDA:2,(anonymous_1)
FNDA:1,(anonymous_2)
FNDA:1,(anonymous_3)
FNDA:1,(anonymous_4)
FNDA:1,(anonymous_5)
FNDA:0,(anonymous_6)
FNDA:1,(anonymous_7)
FNDA:1,(anonymous_8)
FNDA:1,(anonymous_9)
FNDA:1,(anonymous_10)
FNDA:1,(anonymous_11)
DA:2,1
DA:3,1
DA:4,1
DA:5,1
DA:6,1
DA:7,1
DA:8,1
DA:9,1
DA:10,1
DA:11,1
DA:14,1
DA:15,2
DA:18,2
DA:19,2
DA:20,1
DA:24,2
DA:26,1
DA:27,1
DA:28,1
DA:29,1
DA:30,1
DA:31,1
DA:35,1
DA:36,1
DA:37,1
DA:39,1
DA:44,1
DA:45,1
DA:46,1
DA:47,1
DA:50,1
DA:51,1
DA:52,1
DA:53,1
DA:54,1
DA:55,1
DA:56,1
DA:57,1
DA:58,0
DA:59,0
DA:62,1
DA:63,1
DA:64,1
DA:66,1
DA:69,1
DA:70,1
DA:73,1
DA:74,0
DA:75,0
DA:76,0
DA:77,0
DA:79,0
DA:80,0
DA:84,1
DA:85,1
DA:88,1
DA:89,1
DA:92,1
DA:93,1
DA:94,1
DA:95,1
DA:96,1
DA:97,1
DA:98,1
DA:99,1
DA:102,1
DA:103,1
DA:104,1
DA:105,1
DA:106,1
DA:107,1
DA:110,1
DA:111,1
DA:112,0
DA:113,0
DA:114,0
DA:115,0
DA:117,0
DA:119,0
DA:121,0
DA:122,0
DA:125,0
DA:127,0
DA:129,0
DA:131,0
DA:133,0
DA:135,0
DA:137,0
DA:142,0
DA:144,0
DA:146,1
DA:147,1
DA:153,1
LF:93
LH:68
BRDA:19,0,0,1
BRDA:19,0,1,1
BRDA:24,1,0,1
BRDA:24,1,1,1
BRDA:28,2,0,1
BRDA:28,2,1,0
BRDA:57,3,0,0
BRDA:57,3,1,1
BRDA:62,4,0,1
BRDA:62,4,1,0
BRDA:74,5,0,0
BRDA:74,5,1,0
BRDA:97,6,0,1
BRDA:97,6,1,0
BRDA:111,7,0,0
BRDA:111,7,1,1
BRDA:114,8,0,0
BRDA:114,8,1,0
BRDA:133,9,0,0
BRDA:133,9,1,0
BRF:20
BRH:9
end_of_record
TN:
SF:Routes\logRoutes.js
FN:8,(anonymous_0)
FN:12,(anonymous_1)
FN:16,(anonymous_2)
FN:18,(anonymous_3)
FN:25,(anonymous_4)
FN:27,(anonymous_5)
FN:34,(anonymous_6)
FNF:7
FNH:7
FNDA:1,(anonymous_0)
FNDA:1,(anonymous_1)
FNDA:1,(anonymous_2)
FNDA:1,(anonymous_3)
FNDA:1,(anonymous_4)
FNDA:1,(anonymous_5)
FNDA:1,(anonymous_6)
DA:1,1
DA:2,1
DA:3,1
DA:4,1
DA:5,1
DA:6,1
DA:8,1
DA:9,1
DA:12,1
DA:13,1
DA:16,1
DA:17,1
DA:18,1
DA:19,1
DA:21,1
DA:25,1
DA:26,1
DA:27,1
DA:28,1
DA:30,1
DA:34,1
DA:35,1
DA:38,1
LF:23
LH:23
BRF:0
BRH:0
end_of_record
TN:
SF:Routes\loginRoutes.js
FN:7,(anonymous_0)
FN:18,(anonymous_1)
FN:26,(anonymous_2)
FNF:3
FNH:2
FNDA:0,(anonymous_0)
FNDA:2,(anonymous_1)
FNDA:2,(anonymous_2)
DA:1,1
DA:2,1
DA:3,1
DA:4,1
DA:5,1
DA:7,1
DA:8,0
DA:9,0
DA:10,0
DA:11,0
DA:12,0
DA:13,0
DA:14,0
DA:15,0
DA:18,1
DA:19,2
DA:20,2
DA:21,2
DA:22,2
DA:23,2
DA:24,2
DA:25,2
DA:26,2
DA:27,2
DA:28,2
DA:29,1
DA:31,1
DA:36,1
LF:28
LH:20
BRDA:28,0,0,1
BRDA:28,0,1,1
BRF:2
BRH:2
end_of_record
TN:
SF:Routes\mainRoute.js
FN:6,(anonymous_0)
FNF:1
FNH:1
FNDA:1,(anonymous_0)
DA:1,1
DA:2,1
DA:3,1
DA:4,1
DA:6,1
DA:7,1
DA:10,1
LF:7
LH:7
BRF:0
BRH:0
end_of_record
TN:
SF:scripts\DateFormat.js
FN:1,padTo2Digits
FN:5,formatDate
FNF:2
FNH:2
FNDA:5,padTo2Digits
FNDA:1,formatDate
DA:2,5
DA:6,1
DA:21,1
LF:3
LH:3
BRF:0
BRH:0
end_of_record
TN:
SF:scripts\HashGen.js
FN:1,GenerateUniqueHash
FNF:1
FNH:1
FNDA:4,GenerateUniqueHash
DA:3,4
DA:5,4
DA:6,4
DA:8,21
DA:9,21
DA:10,21
DA:12,4
DA:13,4
DA:16,1
LF:9
LH:9
BRDA:5,0,0,0
BRDA:5,0,1,4
BRF:2
BRH:1
end_of_record
TN:
SF:scripts\dbInteraction.js
FN:3,(anonymous_0)
FN:3,(anonymous_1)
FN:34,(anonymous_2)
FN:41,(anonymous_3)
FN:44,(anonymous_4)
FN:50,ExecuteSQLStatement
FN:51,(anonymous_6)
FN:59,(anonymous_7)
FN:71,(anonymous_8)
FN:72,(anonymous_9)
FN:79,(anonymous_10)
FN:90,(anonymous_11)
FN:101,(anonymous_12)
FN:120,(anonymous_13)
FN:137,(anonymous_14)
FN:151,(anonymous_15)
FN:171,(anonymous_16)
FN:186,(anonymous_17)
FN:203,(anonymous_18)
FN:214,(anonymous_19)
FN:230,(anonymous_20)
FN:263,(anonymous_21)
FN:276,(anonymous_22)
FN:286,(anonymous_23)
FN:298,(anonymous_24)
FNF:25
FNH:22
FNDA:26,(anonymous_0)
FNDA:26,(anonymous_1)
FNDA:26,(anonymous_2)
FNDA:26,(anonymous_3)
FNDA:0,(anonymous_4)
FNDA:26,ExecuteSQLStatement
FNDA:26,(anonymous_6)
FNDA:26,(anonymous_7)
FNDA:646,(anonymous_8)
FNDA:2534,(anonymous_9)
FNDA:26,(anonymous_10)
FNDA:2,(anonymous_11)
FNDA:2,(anonymous_12)
FNDA:4,(anonymous_13)
FNDA:2,(anonymous_14)
FNDA:6,(anonymous_15)
FNDA:2,(anonymous_16)
FNDA:2,(anonymous_17)
FNDA:1,(anonymous_18)
FNDA:3,(anonymous_19)
FNDA:0,(anonymous_20)
FNDA:1,(anonymous_21)
FNDA:0,(anonymous_22)
FNDA:1,(anonymous_23)
FNDA:1,(anonymous_24)
DA:3,26
DA:8,26
DA:12,26
DA:29,26
DA:31,26
DA:34,26
DA:35,26
DA:36,0
DA:38,26
DA:40,26
DA:42,26
DA:45,0
DA:51,26
DA:53,26
DA:54,26
DA:57,26
DA:60,26
DA:61,0
DA:63,26
DA:68,26
DA:71,26
DA:72,646
DA:74,2534
DA:79,26
DA:80,26
DA:81,26
DA:84,26
DA:90,1
DA:91,2
DA:92,2
DA:93,2
DA:94,2
DA:96,0
DA:101,1
DA:102,2
DA:103,2
DA:105,2
DA:107,2
DA:109,2
DA:111,2
DA:113,2
DA:115,0
DA:120,1
DA:121,4
DA:122,4
DA:124,4
DA:126,4
DA:127,3
DA:129,1
DA:132,0
DA:137,1
DA:138,2
DA:139,2
DA:141,2
DA:143,2
DA:145,0
DA:146,0
DA:151,1
DA:152,6
DA:153,6
DA:155,6
DA:157,6
DA:158,6
DA:159,4
DA:161,2
DA:164,0
DA:167,0
DA:171,1
DA:172,2
DA:173,2
DA:175,2
DA:177,2
DA:179,2
DA:181,0
DA:186,1
DA:187,2
DA:188,2
DA:190,1
DA:192,1
DA:193,1
DA:195,1
DA:198,1
DA:203,1
DA:204,1
DA:205,1
DA:207,0
DA:209,1
DA:214,1
DA:215,3
DA:216,3
DA:218,3
DA:220,3
DA:221,2
DA:223,1
DA:226,0
DA:230,1
DA:231,0
DA:232,0
DA:234,0
DA:235,0
DA:236,0
DA:238,0
DA:242,0
DA:244,0
DA:246,0
DA:248,0
DA:250,0
DA:251,0
DA:253,0
DA:256,0
DA:258,0
DA:263,1
DA:264,1
DA:265,1
DA:267,1
DA:269,1
DA:271,0
DA:276,1
DA:277,0
DA:278,0
DA:280,0
DA:282,0
DA:286,1
DA:287,1
DA:288,1
DA:290,1
DA:292,1
DA:294,0
DA:298,1
DA:299,1
DA:300,1
DA:302,1
DA:304,1
DA:306,1
DA:308,0
DA:316,1
LF:136
LH:101
BRDA:35,0,0,0
BRDA:35,0,1,26
BRDA:60,1,0,0
BRDA:60,1,1,26
BRDA:126,2,0,3
BRDA:126,2,1,1
BRDA:157,3,0,6
BRDA:157,3,1,0
BRDA:158,4,0,4
BRDA:158,4,1,2
BRDA:192,5,0,1
BRDA:192,5,1,0
BRDA:220,6,0,2
BRDA:220,6,1,1
BRDA:235,7,0,0
BRDA:235,7,1,0
BRF:16
BRH:10
end_of_record
